\BOOKMARK [1][-]{section.1}{\376\377\137\025\212\000}{}% 1
\BOOKMARK [2][-]{subsection.1.1}{\376\377\170\024\172\166\122\250\147\072}{section.1}% 2
\BOOKMARK [2][-]{subsection.1.2}{\376\377\166\370\121\163\135\345\117\134}{section.1}% 3
\BOOKMARK [2][-]{subsection.1.3}{\376\377\147\054\145\207\215\041\163\056}{section.1}% 4
\BOOKMARK [1][-]{section.2}{\376\377\200\314\146\157}{}% 5
\BOOKMARK [2][-]{subsection.2.1}{\376\377\116\343\145\160\131\032\221\315\177\121\150\074}{section.2}% 6
\BOOKMARK [2][-]{subsection.2.2}{\376\377\152\041\127\213\116\015\123\357\167\345\121\103\133\146\116\140}{section.2}% 7
\BOOKMARK [2][-]{subsection.2.3}{\376\377\000S\000t\000o\000k\000e\000s\174\373\176\337\116\016\000P\000i\000c\000a\000r\000d\217\355\116\343}{section.2}% 8
\BOOKMARK [1][-]{section.3}{\376\377\145\271\154\325\377\032\000M\000e\000t\000a\000-\000A\000M\000G}{}% 9
\BOOKMARK [2][-]{subsection.3.1}{\376\377\225\356\230\230\137\142\137\017\123\026}{section.3}% 10
\BOOKMARK [2][-]{subsection.3.2}{\376\377\000M\000A\000M\000L\213\255\176\303\173\227\154\325}{section.3}% 11
\BOOKMARK [2][-]{subsection.3.3}{\376\377\145\066\145\133\232\161\122\250\143\007\150\007}{section.3}% 12
\BOOKMARK [2][-]{subsection.3.4}{\376\377\000P\000i\000c\000a\000r\000d\154\102\211\343\126\150\116\055\166\204\127\050\176\277\220\350\177\162}{section.3}% 13
\BOOKMARK [1][-]{section.4}{\376\377\133\236\232\214\213\276\177\156}{}% 14
\BOOKMARK [2][-]{subsection.4.1}{\376\377\213\255\176\303\145\160\143\156}{section.4}% 15
\BOOKMARK [2][-]{subsection.4.2}{\376\377\000G\000N\000N\147\266\147\204}{section.4}% 16
\BOOKMARK [2][-]{subsection.4.3}{\376\377\127\372\176\277\145\271\154\325}{section.4}% 17
\BOOKMARK [2][-]{subsection.4.4}{\376\377\170\154\116\366}{section.4}% 18
\BOOKMARK [1][-]{section.5}{\376\377\133\236\232\214\176\323\147\234}{}% 19
\BOOKMARK [2][-]{subsection.5.1}{\376\377\000C\000/\000F\230\204\155\113\121\306\170\156\163\207}{section.5}% 20
\BOOKMARK [2][-]{subsection.5.2}{\376\377\000S\000e\000t\000u\000p\145\366\225\364\122\240\220\037}{section.5}% 21
\BOOKMARK [2][-]{subsection.5.3}{\376\377\000S\000t\000o\000k\000e\000s\136\217\122\027\116\012\166\204\145\066\145\133\215\050\221\317}{section.5}% 22
\BOOKMARK [2][-]{subsection.5.4}{\376\377\174\230\136\246\133\371\153\324\234\201\150\322\140\047}{section.5}% 23
\BOOKMARK [2][-]{subsection.5.5}{\376\377\123\357\142\151\134\125\140\047}{section.5}% 24
\BOOKMARK [2][-]{subsection.5.6}{\376\377\155\210\207\215\377\032\121\205\137\252\163\257\153\145\145\160}{section.5}% 25
\BOOKMARK [2][-]{subsection.5.7}{\376\377\154\102\211\343\174\276\136\246}{section.5}% 26
\BOOKMARK [1][-]{section.6}{\376\377\213\250\213\272}{}% 27
\BOOKMARK [2][-]{subsection.6.1}{\376\377\000M\000A\000M\000L\116\072\117\125\117\030\116\216\166\364\143\245\230\204\155\113}{section.6}% 28
\BOOKMARK [2][-]{subsection.6.2}{\376\377\145\066\145\133\232\161\122\250\116\016\150\007\173\176\232\161\122\250\213\255\176\303}{section.6}% 29
\BOOKMARK [2][-]{subsection.6.3}{\376\377\134\100\226\120\116\016\147\052\147\145\135\345\117\134}{section.6}% 30
\BOOKMARK [1][-]{section.7}{\376\377\176\323\213\272}{}% 31
\BOOKMARK [1][-]{appendix.A}{\376\377\145\066\145\133\232\161\122\250\143\137\131\061\136\246\221\317\176\306\202\202}{}% 32
\BOOKMARK [1][-]{appendix.B}{\376\377\217\157\116\366\123\357\165\050\140\047}{}% 33
